This file contains any messages produced by compilers while
running configure, to aid debugging if configure makes a mistake.

It was created by Trekking configure 0.1, which was
generated by GNU Autoconf 2.69.  Invocation command line was

  $ ./configure 

## --------- ##
## Platform. ##
## --------- ##

hostname = trekking-AOA110
uname -m = i686
uname -r = 3.16.0-24-generic
uname -s = Linux
uname -v = #32-Ubuntu SMP Tue Oct 28 13:13:18 UTC 2014

/usr/bin/uname -p = unknown
/bin/uname -X     = unknown

/bin/arch              = unknown
/usr/bin/arch -k       = unknown
/usr/convex/getsysinfo = unknown
/usr/bin/hostinfo      = unknown
/bin/machine           = unknown
/usr/bin/oslevel       = unknown
/bin/universe          = unknown

PATH: /usr/local/sbin
PATH: /usr/local/bin
PATH: /usr/sbin
PATH: /usr/bin
PATH: /sbin
PATH: /bin
PATH: /usr/games
PATH: /usr/local/games


## ----------- ##
## Core tests. ##
## ----------- ##

configure:1834: checking for a BSD-compatible install
configure:1902: result: /usr/bin/install -c
configure:1913: checking whether build environment is sane
configure:1968: result: yes
configure:2006: WARNING: 'missing' script is too old or missing
configure:2119: checking for a thread-safe mkdir -p
configure:2158: result: /bin/mkdir -p
configure:2165: checking for gawk
configure:2195: result: no
configure:2165: checking for mawk
configure:2181: found /usr/bin/mawk
configure:2192: result: mawk
configure:2203: checking whether make sets $(MAKE)
configure:2225: result: yes
configure:2254: checking whether make supports nested variables
configure:2271: result: yes
configure:2451: checking for gcc
configure:2467: found /usr/bin/gcc
configure:2478: result: gcc
configure:2509: checking for C compiler version
configure:2518: gcc --version >&5
gcc (Ubuntu 4.9.1-16ubuntu6) 4.9.1
Copyright (C) 2014 Free Software Foundation, Inc.
This is free software; see the source for copying conditions.  There is NO
warranty; not even for MERCHANTABILITY or FITNESS FOR A PARTICULAR PURPOSE.

configure:2529: $? = 0
configure:2518: gcc -v >&5
Using built-in specs.
COLLECT_GCC=gcc
COLLECT_LTO_WRAPPER=/usr/lib/gcc/i686-linux-gnu/4.9/lto-wrapper
Target: i686-linux-gnu
Configured with: ../src/configure -v --with-pkgversion='Ubuntu 4.9.1-16ubuntu6' --with-bugurl=file:///usr/share/doc/gcc-4.9/README.Bugs --enable-languages=c,c++,java,go,d,fortran,objc,obj-c++ --prefix=/usr --program-suffix=-4.9 --enable-shared --enable-linker-build-id --libexecdir=/usr/lib --without-included-gettext --enable-threads=posix --with-gxx-include-dir=/usr/include/c++/4.9 --libdir=/usr/lib --enable-nls --with-sysroot=/ --enable-clocale=gnu --enable-libstdcxx-debug --enable-libstdcxx-time=yes --enable-gnu-unique-object --disable-vtable-verify --enable-plugin --with-system-zlib --disable-browser-plugin --enable-java-awt=gtk --enable-gtk-cairo --with-java-home=/usr/lib/jvm/java-1.5.0-gcj-4.9-i386/jre --enable-java-home --with-jvm-root-dir=/usr/lib/jvm/java-1.5.0-gcj-4.9-i386 --with-jvm-jar-dir=/usr/lib/jvm-exports/java-1.5.0-gcj-4.9-i386 --with-arch-directory=i386 --with-ecj-jar=/usr/share/java/eclipse-ecj.jar --enable-objc-gc --enable-targets=all --enable-multiarch --disable-werror --with-arch-32=i686 --with-multilib-list=m32,m64,mx32 --enable-multilib --with-tune=generic --enable-checking=release --build=i686-linux-gnu --host=i686-linux-gnu --target=i686-linux-gnu
Thread model: posix
gcc version 4.9.1 (Ubuntu 4.9.1-16ubuntu6) 
configure:2529: $? = 0
configure:2518: gcc -V >&5
gcc: error: unrecognized command line option '-V'
gcc: fatal error: no input files
compilation terminated.
configure:2529: $? = 4
configure:2518: gcc -qversion >&5
gcc: error: unrecognized command line option '-qversion'
gcc: fatal error: no input files
compilation terminated.
configure:2529: $? = 4
configure:2549: checking whether the C compiler works
configure:2571: gcc    conftest.c  >&5
configure:2575: $? = 0
configure:2623: result: yes
configure:2626: checking for C compiler default output file name
configure:2628: result: a.out
configure:2634: checking for suffix of executables
configure:2641: gcc -o conftest    conftest.c  >&5
configure:2645: $? = 0
configure:2667: result: 
configure:2689: checking whether we are cross compiling
configure:2697: gcc -o conftest    conftest.c  >&5
configure:2701: $? = 0
configure:2708: ./conftest
configure:2712: $? = 0
configure:2727: result: no
configure:2732: checking for suffix of object files
configure:2754: gcc -c   conftest.c >&5
configure:2758: $? = 0
configure:2779: result: o
configure:2783: checking whether we are using the GNU C compiler
configure:2802: gcc -c   conftest.c >&5
configure:2802: $? = 0
configure:2811: result: yes
configure:2820: checking whether gcc accepts -g
configure:2840: gcc -c -g  conftest.c >&5
configure:2840: $? = 0
configure:2881: result: yes
configure:2898: checking for gcc option to accept ISO C89
configure:2961: gcc  -c   conftest.c >&5
configure:2961: $? = 0
configure:2974: result: none needed
configure:2999: checking whether gcc understands -c and -o together
configure:3021: gcc -c conftest.c -o conftest2.o
configure:3024: $? = 0
configure:3021: gcc -c conftest.c -o conftest2.o
configure:3024: $? = 0
configure:3036: result: yes
configure:3064: checking for style of include used by make
configure:3092: result: GNU
configure:3118: checking dependency style of gcc
configure:3229: result: gcc3
configure:3357: checking that generated files are newer than configure
configure:3363: result: done
configure:3386: creating ./config.status

## ---------------------- ##
## Running config.status. ##
## ---------------------- ##

This file was extended by Trekking config.status 0.1, which was
generated by GNU Autoconf 2.69.  Invocation command line was

  CONFIG_FILES    = 
  CONFIG_HEADERS  = 
  CONFIG_LINKS    = 
  CONFIG_COMMANDS = 
  $ ./config.status 

on trekking-AOA110

config.status:840: creating Makefile
config.status:840: creating config.h
config.status:1021: config.h is unchanged
config.status:1069: executing depfiles commands

## ---------------- ##
## Cache variables. ##
## ---------------- ##

ac_cv_c_compiler_gnu=yes
ac_cv_env_CC_set=
ac_cv_env_CC_value=
ac_cv_env_CFLAGS_set=
ac_cv_env_CFLAGS_value=
ac_cv_env_CPPFLAGS_set=
ac_cv_env_CPPFLAGS_value=
ac_cv_env_LDFLAGS_set=
ac_cv_env_LDFLAGS_value=
ac_cv_env_LIBS_set=
ac_cv_env_LIBS_value=
ac_cv_env_build_alias_set=
ac_cv_env_build_alias_value=
ac_cv_env_host_alias_set=
ac_cv_env_host_alias_value=
ac_cv_env_target_alias_set=
ac_cv_env_target_alias_value=
ac_cv_objext=o
ac_cv_path_install='/usr/bin/install -c'
ac_cv_path_mkdir=/bin/mkdir
ac_cv_prog_AWK=mawk
ac_cv_prog_ac_ct_CC=gcc
ac_cv_prog_cc_c89=
ac_cv_prog_cc_g=yes
ac_cv_prog_make_make_set=yes
am_cv_CC_dependencies_compiler_type=gcc3
am_cv_make_support_nested_variables=yes
am_cv_prog_cc_c_o=yes

## ----------------- ##
## Output variables. ##
## ----------------- ##

ACLOCAL='aclocal-1.14'
AMDEPBACKSLASH='\'
AMDEP_FALSE='#'
AMDEP_TRUE=''
AMTAR='$${TAR-tar}'
AM_BACKSLASH='\'
AM_DEFAULT_V='$(AM_DEFAULT_VERBOSITY)'
AM_DEFAULT_VERBOSITY='1'
AM_V='$(V)'
AUTOCONF='autoconf'
AUTOHEADER='autoheader'
AUTOMAKE='automake-1.14'
AWK='mawk'
CC='gcc'
CCDEPMODE='depmode=gcc3'
CFLAGS=''
CPPFLAGS=''
CYGPATH_W='echo'
DEFS='-DHAVE_CONFIG_H'
DEPDIR='.deps'
DEV=''
ECHO_C=''
ECHO_N='-n'
ECHO_T=''
EXEEXT=''
INSTALL_DATA='${INSTALL} -m 644'
INSTALL_PROGRAM='${INSTALL}'
INSTALL_SCRIPT='${INSTALL}'
INSTALL_STRIP_PROGRAM='$(install_sh) -c -s'
LDFLAGS=''
LIBOBJS=''
LIBS=''
LTLIBOBJS=''
MAKEINFO='makeinfo'
MKDIR_P='/bin/mkdir -p'
OBJEXT='o'
PACKAGE='trekking'
PACKAGE_BUGREPORT='tiago.shibata@gmail.com'
PACKAGE_NAME='Trekking'
PACKAGE_STRING='Trekking 0.1'
PACKAGE_TARNAME='trekking'
PACKAGE_URL=''
PACKAGE_VERSION='0.1'
PATH_SEPARATOR=':'
SET_MAKE=''
SHELL='/bin/bash'
STRIP=''
VERSION='0.1'
ac_ct_CC='gcc'
am__EXEEXT_FALSE=''
am__EXEEXT_TRUE='#'
am__fastdepCC_FALSE='#'
am__fastdepCC_TRUE=''
am__include='include'
am__isrc=''
am__leading_dot='.'
am__nodep='_no'
am__quote=''
am__tar='$${TAR-tar} chof - "$$tardir"'
am__untar='$${TAR-tar} xf -'
bindir='${exec_prefix}/bin'
build_alias=''
datadir='${datarootdir}'
datarootdir='${prefix}/share'
docdir='${datarootdir}/doc/${PACKAGE_TARNAME}'
dvidir='${docdir}'
exec_prefix='${prefix}'
host_alias=''
htmldir='${docdir}'
includedir='${prefix}/include'
infodir='${datarootdir}/info'
install_sh='${SHELL} /home/trekking/trekking-git/install-sh'
libdir='${exec_prefix}/lib'
libexecdir='${exec_prefix}/libexec'
localedir='${datarootdir}/locale'
localstatedir='${prefix}/var'
mandir='${datarootdir}/man'
mkdir_p='$(MKDIR_P)'
oldincludedir='/usr/include'
pdfdir='${docdir}'
prefix='/usr/local'
program_transform_name='s,x,x,'
psdir='${docdir}'
sbindir='${exec_prefix}/sbin'
sharedstatedir='${prefix}/com'
sysconfdir='${prefix}/etc'
target_alias=''

## ----------- ##
## confdefs.h. ##
## ----------- ##

/* confdefs.h */
#define PACKAGE_NAME "Trekking"
#define PACKAGE_TARNAME "trekking"
#define PACKAGE_VERSION "0.1"
#define PACKAGE_STRING "Trekking 0.1"
#define PACKAGE_BUGREPORT "tiago.shibata@gmail.com"
#define PACKAGE_URL ""
#define PACKAGE "trekking"
#define VERSION "0.1"

configure: exit 0

## ---------------------- ##
## Running config.status. ##
## ---------------------- ##

This file was extended by Trekking config.status 0.1, which was
generated by GNU Autoconf 2.69.  Invocation command line was

  CONFIG_FILES    = 
  CONFIG_HEADERS  = 
  CONFIG_LINKS    = 
  CONFIG_COMMANDS = 
  $ ./config.status Makefile depfiles

on trekking-AOA110

config.status:840: creating Makefile
config.status:1069: executing depfiles commands

## ---------------------- ##
## Running config.status. ##
## ---------------------- ##

This file was extended by Trekking config.status 0.1, which was
generated by GNU Autoconf 2.69.  Invocation command line was

  CONFIG_FILES    = 
  CONFIG_HEADERS  = 
  CONFIG_LINKS    = 
  CONFIG_COMMANDS = 
  $ ./config.status Makefile depfiles

on trekking-AOA110

config.status:840: creating Makefile
config.status:1069: executing depfiles commands
